./11:07:18 19-14-32/11:07:18 19-14-32.html
./11:08:16 22-55-34.html
./11:08:24 12-13-34/11:08:24 12-13-34.html
./11:09:02 13-40-08.html
./11:11:13 8-58-41/11:11:13 8-58-41.html
./11:12:25 1-54-51/11:12:25 1-54-51.html
./12:01:10 12-11-20.html
./12:01:29 18-37-00.html
./12:02:26 18-08-29.html
./12:03:03 12-26-12.html
./12:03:04 19-17-13.html
./12:03:05 16-22-47.html
./12:03:05 9-57-07/12:03:05 9-57-07.html
./12:03:10 14-21-43.html
./12:03:11 18-56-27/12:03:11 18-56-27.html
./12:03:27 8-29-45/12:03:27 8-29-45.html
./12:04:21 14-11-41.html
./12:04:22 1-09-02/12:04:22 1-09-02.html
./shared/2nengo-ni-kiku-list.html
./shared/antInGradle/assets/fallback/index.html
./shared/antInGradle/assets/player/KeynoteDHTMLPlayer.html
./shared/antInGradle/index.html
./shared/nullpointerexception/nullpointerexception.html
./shared/Unity_20110820_Web/20110820_Web.html
