./web/index.html
./source/SublimeSocketAsset/README.html
./source/SublimeSocket/How to install SublimeSocket for Sublime Text X.html
./outsource/U11n/index.html
./outsource/U11n/assets/player/KeynoteDHTMLPlayer.html
./outsource/Sushi2015:02:17 16-19-38/Sushi2015:02:17 16-19-38.html
./outsource/saikoNoScalaCompiler/index.html
./outsource/saikoNoScalaCompiler/assets/player/KeynoteDHTMLPlayer.html
./outsource/saikoNoScalaCompiler/assets/fallback/index.html
./outsource/presentation_S2/index.html
./outsource/presentation_S2/assets/player/KeynoteDHTMLPlayer.html
./outsource/presentation_S2/assets/fallback/index.html
./outsource/onsen/index.html
./outsource/onsen/assets/player/KeynoteDHTMLPlayer.html
./outsource/onsen/assets/fallback/index.html
./ignored/DVCS/index.html
./ignored/DVCS/assets/player/KeynoteDHTMLPlayer.html
./ignored/DVCS/assets/fallback/index.html
./ignored/doc/index.html
./htmlResource/html_header.html
./htmlResource/html_body_tail.html
./htmlResource/html_body_head.html
./2015:03:19 17-08-36/2015:03:19 17-08-36.html
./2015:03:17 11-14-06/2015:03:17 11-14-06.html
./2015:03:10 11-44-00/2015:03:10 11-44-00.html
./2015:03:09 23-45-04/2015:03:09 23-45-04.html
./2015:03:09 10-55-58/2015:03:09 10-55-58.html
./2015:03:08 0-33-36/2015:03:08 0-33-36.html
./2015:03:04 3-18-23/2015:03:04 3-18-23.html
./2015:03:01 13-37-24/2015:03:01 13-37-24.html
./2015:02:27 13-51-39/2015:02:27 13-51-39.html
./2015:02:27 13-46-32/2015:02:27 13-46-32.html
./2015:02:26 0-57-13/2015:02:26 0-57-13.html
./2015:02:24 16-01-10/2015:02:24 16-01-10.html
./2015:02:24 0-32-46/2015:02:24 0-32-46.html
./2015:02:23 19-47-43/2015:02:23 19-47-43.html
./2015:02:22 19-29-23/2015:02:22 19-29-23.html
./2015:02:14 20-46-15/2015:02:14 20-46-15.html
./2015:02:10 14-15-10/2015:02:10 14-15-10.html
./2015:02:09 13-49-55/2015:02:09 13-49-55.html
./2015:02:04 12-47-46/2015:02:04 12-47-46.html
./2015:02:01 17-07-04/2015:02:01 17-07-04.html
./2015:01:26 18-32-08/2015:01:26 18-32-08.html
./2015:01:19 19-11-14/2015:01:19 19-11-14.html
./2015:01:11 16-43-25/2015:01:11 16-43-25.html
./2015:01:08 10-26-50/2015:01:08 10-26-50.html
./2015:01:04 21-40-10/2015:01:04 21-40-10.html
./2014:12:26 11-37-07/2014:12:26 11-37-07.html
./2014:12:22 19-08-39/2014:12:22 19-08-39.html
./2014:12:21 16-06-36/2014:12:21 16-06-36.html
./2014:12:17 17-51-38/2014:12:17 17-51-38.html
./2014:12:15 00-00-00/2014:12:15 00-00-00.html
./2014:12:14 0-01-43/2014:12:14 0-01-43.html
./2014:12:12 12-10-17/2014:12:12 12-10-17.html
./2014:12:11 23-58-10/2014:12:11 23-58-10.html
./2014:12:05 00-00-00/2014:12:05 00-00-00.html
./2014:11:30 14-26-39/2014:11:30 14-26-39.html
./2014:11:22 20-58-31/2014:11:22 20-58-31.html
./2014:11:06 21-29-24/2014:11:06 21-29-24.html
./2014:11:04 10-20-47/2014:11:04 10-20-47.html
./2014:10:27 21-54-33/2014:10:27 21-54-33.html
./2014:10:23 23-50-58/2014:10:23 23-50-58.html
./2014:10:01 22-18-29/2014:10:01 22-18-29.html
./2014:09:27 18-32-44/Suddendeathon_2_Webuild/Webuild.html
./2014:09:27 18-32-44/2014:09:27 18-32-44.html
./2014:09:20 21-04-07/2014:09:20 21-04-07.html
./2014:09:20 17-51-31/2014:09:20 17-51-31.html
./2014:09:14 14-40-08/2014:09:14 14-40-08.html
./2014:09:08 23-23-06/2014:09:08 23-23-06.html
./2014:09:02 19-39-08/2014:09:02 19-39-08.html
./2014:08:31 21-46-00/2014:08:31 21-46-00.html
./2014:08:24 22-16-31/2014:08:24 22-16-31.html
./2014:08:23 19-31-21/2014:08:23 19-31-21.html
./2014:08:04 00-00-00/2014:08:04 00-00-00.html
./2014:07:20 21-39-32/2014:07:20 21-39-32.html
./2014:07:14 20-38-55/2014:07:14 20-38-55.html
./2014:06:29 23-00-04/2014:06:29 23-00-04.html
./2014:06:28 12-09-45/2014:06:28 12-09-45 .html
./2014:06:25 14-58-21/2014:06:25 14-58-21.html
./2014:06:20 12-12-37/2014:06:20 12-12-37.html
./2014:06:14 21-51-29/2014:06:14 21-51-29.html
./2014:05:29 19-14-39/2014:05:29 19-14-39.html
./2014:05:28 14-14-37/2014:05:28 14-14-37.html
./2014:05:20 22-55-22/2014:05:20 22-55-22.html
./2014:05:11 16-26-18/2014:05:11 16-26-18.html
./2014:05:02 23-21-31/2014:05:02 23-21-31.html
./2014:04:30 22-12-45/2014:04:30 22-12-45.html
./2014:04:26 18-57-57/2014:04:26 18-57-57.html
./2014:04:26 17-52-50/2014:04:26 17-52-50.html
./2014:04:26 16:39:23/2014:04:26 16:39:23.html
./2014:04:24 1-14-19/2014:04:24 1-14-19.html
./2014:04:22 1-02-34/2014:04:22 1-02-34.html
./2014:04:21 18-10-25/2014:04:21 18-10-25.html
./2014:04:13 15:29:46/2014:04:13 15:29:46.html
./2014:04:12 23-15-10/2014:04:12 23-15-10.html
./2014:04:11 17-20-16/2014:04:11 17-20-16.html
./2014:04:10 12-17-41/2014:04:10 12-17-41.html
./2014:04:08 13-36-09/2014:04:08 13-36-09.html
./2014:04:07 14-08-34/2014:04:07 14-08-34.html
./2014:04:05 21-06-44/2014:04:05 21-06-44.html
./2014:04:03 13-19-47/2014:04:03 13-19-47.html
./2014:03:25 10-05-44/2014:03:25 10-05-44.html
./2014:03:20 18-14-25/2014:03:20 18-14-25.html
./2014:03:18 1-37-53/2014:03:18 1-37-53.html
./2014:03:16 15-21-42/2014:03:16 15-21-42.html
./2014:03:13 12-33-59/2014:03:13 12-33-59.html
./2014:03:08 8-09-54/2014:03:08 8-09-54.html
./2014:02:23 18-37-26/2014:02:23 18-37-26.html
./2014:02:22 21-48-23/2014:02:22 21-48-23.html
./2014:02:05 19-18-06/2014:02:05 19-18-06.html
./2014:02:01 11-10-35/2014:02:01 11-10-35.html
./2014:01:29 18-14-31/2014:01:29 18-14-31.html
./2014:01:25 16-46-04/2014:01:25 16-46-04.html
./2014:01:23 9-12-38/2014:01:23 9-12-38.html
./2014:01:22 15-51-37/2014:01:22 15-51-37.html
./2014:01:14 10-59-02/2014:01:14 10-59-02.html
./2014:01:09 18-24-27/2014:01:09 18-24-27.html
./2014:01:07 19-18-04/2014:01:07 19-18-04.html
./2014:01:05 17-59-53/2014:01:05 17-59-53.html
./2013:12:14 22-39-31/2013:12:14 22-39-31.html
./2013:12:14 00-00-00/2013:12:14 00-00-00.html
./2013:12:06 13-38-34/2013:12:06 13-38-34.html
./2013:12:05 8-45-59/2013:12:05 8-45-59.html
./2013:11:27 17-15-50/2013:11:27 17-15-50.html
./2013:11:25 18-05-52/2013:11:25 18-05-52.html
./2013:11:23 12-09-49/2013:11:23 12-09-49.html
./2013:11:11 1-57-29/2013:11:11 1-57-29.html
./2013:11:02 21-32-27/2013:11:02 21-32-27.html
./2013:10:20 17-47-21/2013:10:20 17-47-21.html
./2013:10:05 19-39-15/2013:10:05 19-39-15.html
./2013:10:03 9-00-45/2013:10:03 9-00-45.html
./2013:10:01 2-00-59/2013:10:01 2-00-59.html
./2013:09:29 1-21-08/2013:09:29 1-21-08.html
./2013:09:13 9-27-52/2013:09:13 9-27-52.html
./2013:09:13 1-33-09/2013:09:13 1-33-09.html
./2013:09:09 21-35-36/2013:09:09 21-35-36.html
./2013:09:08 13-06-04/2013:09:08 13-06-04.html
./2013:09:03 15-40-01/2013:09:03 15-40-01.html
./2013:08:20 7-34-40/2013:08:20 7-34-40.html
./2013:07:28 16-12-53/2013:07:28 16-12-53.html
./2013:07:17 10-13-36/2013:07:17 10-13-36.html
./2013:07:04 15-29-15/2013:07:04 15-29-15.html
./2013:07:02 15-27-34/2013:07:02 15-27-34.html
./2013:06:25 11-41-10/2013:06:25 11-41-10.html
./2013:06:21 20-04-01/2013:06:21 20-04-01.html
./2013:06:21 1-44-53/2013:06:21 1-44-53.html
./2013:06:13 02-31-23/2013:06:13 02-31-23.html
./2013:06:09 20-02-26/2013:06:09 20-02-26.html
./2013:06:07 9-29-00/2013:06:07 9-29-00.html
./2013:06:05 23-25-40/2013:06:05 23-25-40.html
./2013:05:30 10-15-17/2013:05:30 10-15-17.html
./2013:05:29 18-45-43/2013:05:29 18-45-43.html
./2013:05:22 9-28-18/2013:05:22 9-28-18.html
./2013:05:14 16-16-51/2013:05:14 16-16-51.html
./2013:05:13 16-23-21/2013:05:13 16-23-21.html
./2013:05:10 21-52-40/2013:05:10 21-52-40.html
./2013:05:10 18-44-26/2013:05:10 18-44-26.html
./2013:05:05 18-59-55/2013:05:05 18-59-55.html
./2013:05:01 13-42-59/2013:05:01 13-42-59.html
./2013:04:27 0-25-29/2013:04:27 0-25-29.html
./2013:04:24 00-00-01/2013:04:24 00-00-01.html
./2013:04:16 20-31-22/2013:04:16 20-31-22.html
./2013:04:13 16-43-05/2013:04:13 16-43-05.html
./2013:04:10 21-25-10/2013:04:10 21-25-10.html
./2013:04:05 1-17-34/2013:04:05 1-17-34.html
./2013:04:03 2-27-52/2013:04:03 2-27-52.html
./2013:04:03 17-38-14/2013:04:03 17-38-14.html
./2013:04:01 19-52-11/2013:04:01 19-52-11.html
./2013:04:01 00-00-00/2013:04:01 00-00-00.html
./2013:03:30 6-48-06/2013:03:30 6-48-06.html
./2013:03:30 4-03-39/2013:03:30 4-03-39.html
./2013:03:25 17-04-21/2013:03:25 17-04-21.html
./2013:03:20 20-52-39/2013:03:20 20-52-39.html
./2013:03:17 13-53-03/2013:03:17 13-53-03.html
./2013:03:14 18-11-58/2013:03:14 18-11-58.html
./2013:03:11 10-53-31/2013:03:11 10-53-31.html
./2013:03:09 17-45-41/2013:03:09 17-45-41.html
./2013:03:06 13-52-00/2013:03:06 13-52-00.html
./2013:03:05 21-53-45/2013:03:05 21-53-45.html
./2013:03:03 19-16-56/2013:03:03 19-16-56.html
./2013:02:25 0-23-18/2013:02:25 0-23-18.html
./2013:02:22 19-29-46/2013:02:22 19-29-46.html
./2013:02:22 1-34-41/2013:02:22 1-34-41.html
./2013:02:17 15-51-33/2013:02:17 15-51-33.html
./2013:02:17 14-25-33/2013:02:17 14-25-33.html
./2013:02:13 16-47-24/2013:02:13 16-47-24.html
./2013:02:02 1-02-19/2013:02:02 1-02-19.html
./2013:01:31 17-47-32/2013:01:31 17-47-32.html
./2013:01:28 5-43-34/2013:01:28 5-43-34.html
./2013:01:20 22-42-09/2013:01:20 22-42-09.html
./2013:01:20 14-30-40/2013:01:20 14-30-40.html
./2013:01:20 13-33-32/2013:01:20 13-33-32.html
./2013:01:13 22-29-14/2013:01:13 22-29-14.html
./2013:01:12 21-08-16/2013:01:12 21-08-16.html
./2013:01:05 14-54-54/2013:01:05 14-54-54.html
./2013:01:05 13-10-24/2013:01:05 13-10-24.html
./2013:01:02 18-39-12/2013:01:02 18-39-12.html
./2013:01:01 3-53-31/2013:01:01 3-53-31.html
./2012:12:22 21-13-54/2012:12:22 21-13-54.html
./2012:12:18 00-00-00/2012:12:18 00-00-00.html
./2012:12:17 14-59-47/2012:12:17 14-59-47.html
./2012:12:14 00-00-00/2012:12:14 00-00-00.html
./2012:12:04 1-29-54/2012:12:04 1-29-54.html
./2012:12:03 00-00-00/2012:12:03 00-00-00.html
./2012:12:01 22-35-14/2012:12:01 22-35-14.html
./2012:12:01 12-03-18/2012:12:01 12-03-18.html
./2012:12:01 1-36-25/2012:12:01 1-36-25.html
./2012:11:28 18-23-24/2012:11:28 18-23-24.html
./2012:11:25 20-34-26/2012:11:25 20-34-26.html
./2012:11:24 22-59-45/2012:11:24 22-59-45.html
./2012:11:18 19-03-33/2012:11:18 19-03-33.html
./2012:11:11 4-44-37/2012:11:11 4-44-37.html
./2012:11:07 17-50-34/2012:11:07 17-50-34.html
./2012:11:01 10-21-12/2012:11:01 10-21-12.html
./2012:10:28 17-49-28/2012:10:28 17-49-28.html
./2012:10:24 0-53-06/2012:10:24 0-53-06.html
./2012:10:20 22-46-41/2012:10:20 22-46-41.html
./2012:10:20 13-44-00/2012:10:20 13-44-00.html
./2012:10:18 23-59-10/2012:10:18 23-59-10.html
./2012:10:16 0-07-08/2012:10:16 0-07-08.html
./2012:10:13 21-37-37/2012:10:13 21-37-37.html
./2012:09:29 14-48-41/2012:09:29 14-48-41.html
./12:08:23 10-12-39/12:08:23 10-12-39.html
./12:08:20 1-51-01/12:08:20 1-51-01.html
./12:08:19 19-37-58/12:08:19 19-37-58.html
./12:08:05 17-03-02/12:08:05 17-03-02.html
./12:07:28 18-09-47/12:07:28 18-09-47.html
./12:07:26 23-19-43/12:07:26 23-19-43.html
./12:07:26 2-16-04/12:07:26 2-16-04.html
./12:07:21 19-03-10/12:07:21 19-03-10.html
./12:07:15 21-44-52/12:07:15 21-44-52.html
./12:07:01 12-31-46/12:07:01 12-31-46.html
./12:06:29 21-58-14/12:06:29 21-58-14.html
./12:06:29 15-49-52/12:06:29 15-49-52.html
./12:06:24 17-39-47/12:06:24 17-39-47.html
./12:06:19 2-24-55/12:06:19 2-24-55.html
./12:06:17 18-20-58/12:06:17 18-20-58.html
./12:06:13 23-57-21/12:06:13 23-57-21.html
./12:06:13 12-22-54/12:06:13 12-22-54.html
./12:06:13 0-46-20/12:06:13 0-46-20.html
./12:06:12 17-16-40/12:06:12 17-16-40.html
./12:06:10 0-07-59/12:06:10 0-07-59.html
./12:06:08 10-39-16/12:06:08 10-39-16.html
./12:06:03 21-48-14/12:06:03 21-48-14.html
./12:06:02 19-30-49/12:06:02 19-30-49.html
./12:06:02 16-31-22/12:06:02 16-31-22.html
./12:06:02 12-35-34/12:06:02 12-35-34.html
./12:05:29 18-05-30/12:05:29 18-05-30.html
./12:05:27 18-03-20/12:05:27 18-03-20.html
./12:05:21 17-38-30/12:05:21 17-38-30.html
./12:05:20 23-50-39/12:05:20 23-50-39.html
./12:05:19 15-28-58/12:05:19 15-28-58.html
./12:05:18 21-38-35/12:05:18 21-38-35.html
./12:05:16 12-20-02/12:05:16 12-20-02.html
./12:05:03 19-30-05/12:05:03 19-30-05.html
./12:05:01 15-29-31/12:05:01 15-29-31.html
./12:04:30 18-09-10/12:04:30 18-09-10.html
./12:04:30 17-41-30/12:04:30 17-41-30.html
./12:04:30 14-15-30/12:04:30 14-15-30.html
./12:04:27 0-48-40/12:04:27 0-48-40.html
./12:04:27 0-06-47/12:04:27 0-06-47.html
./12:04:26 2-09-41/12:04:26 2-09-41.html
./12:04:23 1-23-37/12:04:23 1-23-37.html
./12:04:22 1-09-02/12:04:22 1-09-02.html
./12:04:21 14-11-41.html
./12:03:27 8-29-45/12:03:27 8-29-45.html
./12:03:11 18-56-27/12:03:11 18-56-27.html
./12:03:10 14-21-43/12:03:10 14-21-43.html
./12:03:05 9-57-07/12:03:05 9-57-07.html
./12:03:05 16-22-47.html
./12:03:04 19-17-13.html
./12:03:03 12-26-12.html
./12:02:26 18-08-29.html
./12:01:29 18-37-00.html
./12:01:10 12-11-20.html
./11:12:25 1-54-51/11:12:25 1-54-51.html
./11:11:13 8-58-41/11:11:13 8-58-41.html
./11:09:02 13-40-08.html
./11:08:24 12-13-34/11:08:24 12-13-34.html
./11:08:16 22-55-34.html
./11:07:18 19-14-32/11:07:18 19-14-32.html
